<?xml version="1.0" encoding="UTF-8"?>
<coverage generated="1732512782967" clover="3.2.0">
  <project timestamp="1732512782967" name="All files">
    <metrics statements="7" coveredstatements="6" conditionals="2" coveredconditionals="1" methods="3" coveredmethods="3" elements="12" coveredelements="10" complexity="0" loc="7" ncloc="7" packages="1" files="1" classes="1"/>
    <file name="creerClasseDynamique.ts" path="D:\0_A24\LOG210\TP11\tp11-mkuroni\src\creerClasseDynamique.ts">
      <metrics statements="7" coveredstatements="6" conditionals="2" coveredconditionals="1" methods="3" coveredmethods="3"/>
      <line num="1" count="1" type="stmt"/>
      <line num="2" count="1" type="stmt"/>
      <line num="4" count="6" type="cond" truecount="1" falsecount="1"/>
      <line num="5" count="6" type="stmt"/>
      <line num="6" count="0" type="stmt"/>
      <line num="9" count="6" type="stmt"/>
      <line num="10" count="6" type="stmt"/>
    </file>
  </project>
</coverage>
