{"D:\\0_A24\\LOG210\\TP11\\tp11-mkuroni\\src\\creerClasseDynamique.ts": {"path":"D:\\0_A24\\LOG210\\TP11\\tp11-mkuroni\\src\\creerClasseDynamique.ts","statementMap":{"0":{"start":{"line":2,"column":4},"end":{"line":12,"column":7}},"1":{"start":{"line":4,"column":12},"end":{"line":5,"column":45}},"2":{"start":{"line":5,"column":16},"end":{"line":5,"column":45}},"3":{"start":{"line":6,"column":12},"end":{"line":6,"column":24}},"4":{"start":{"line":9,"column":12},"end":{"line":9,"column":23}},"5":{"start":{"line":10,"column":12},"end":{"line":10,"column":24}},"6":{"start":{"line":1,"column":0},"end":{"line":1,"column":16}}},"fnMap":{"0":{"name":"creerClasseDynamique","decl":{"start":{"line":1,"column":16},"end":{"line":1,"column":36}},"loc":{"start":{"line":1,"column":52},"end":{"line":13,"column":1}}},"1":{"name":"(anonymous_1)","decl":{"start":{"line":3,"column":11},"end":{"line":3,"column":12}},"loc":{"start":{"line":3,"column":16},"end":{"line":7,"column":9}}},"2":{"name":"(anonymous_2)","decl":{"start":{"line":8,"column":11},"end":{"line":8,"column":12}},"loc":{"start":{"line":8,"column":21},"end":{"line":11,"column":9}}}},"branchMap":{"0":{"loc":{"start":{"line":4,"column":12},"end":{"line":5,"column":45}},"type":"if","locations":[{"start":{"line":4,"column":12},"end":{"line":5,"column":45}},{"start":{"line":4,"column":12},"end":{"line":5,"column":45}}]}},"s":{"0":1,"1":6,"2":6,"3":0,"4":6,"5":6,"6":1},"f":{"0":1,"1":6,"2":6},"b":{"0":[6,0]}}
}
